<?xml version="1.0" encoding="UTF-8"?>
<!-- Generated by org.testng.reporters.JUnitXMLReporter -->
<testsuite ignored="0" hostname="ESS-7BNWQ73" failures="0" tests="1" name="Test" time="39.319" errors="0" timestamp="2022-07-02T18:30:38 IST">
  <testcase classname="com.amazon.utilities.BaseClass" name="@AfterMethod tearDownMethod" time="0.001">
    <failure type="java.lang.NullPointerException" message="Cannot invoke &amp;quot;com.aventstack.extentreports.ExtentTest.pass(String)&amp;quot; because &amp;quot;this.logger&amp;quot; is null">
      <![CDATA[java.lang.NullPointerException: Cannot invoke "com.aventstack.extentreports.ExtentTest.pass(String)" because "this.logger" is null
at com.amazon.utilities.BaseClass.tearDownMethod(BaseClass.java:73)
at java.base/java.util.ArrayList.forEach(ArrayList.java:1511)
... Removed 32 stack frames]]>
    </failure>
  </testcase> <!-- @AfterMethod tearDownMethod -->
  <testcase classname="com.amazon.utilities.BaseClass" name="@AfterClass tearDown" time="-1.656766838641E9">
    <skipped/>
  </testcase> <!-- @AfterClass tearDown -->
  <testcase classname="com.amazon.testcases.LoginTestAmazon" name="loginApp" time="1.048"/>
</testsuite> <!-- Test -->
